0 info it worked if it ends with ok
1 verbose cli [ '/usr/local/bin/node', '/usr/local/bin/npm', 'start' ]
2 info using npm@3.5.2
3 info using node@v4.2.3
4 verbose run-script [ 'prestart', 'start', 'poststart' ]
5 info lifecycle chat@1.0.8~prestart: chat@1.0.8
6 silly lifecycle chat@1.0.8~prestart: no script for prestart, continuing
7 info lifecycle chat@1.0.8~start: chat@1.0.8
8 verbose lifecycle chat@1.0.8~start: unsafe-perm in lifecycle true
9 verbose lifecycle chat@1.0.8~start: PATH: /usr/local/lib/node_modules/npm/bin/node-gyp-bin:/Users/SergioBaidon/Web/NodeJs/Projects/chatApp/node_modules/.bin:/Users/SergioBaidon/.rbenv/shims:/usr/local/bin:/usr/bin:/bin:/usr/sbin:/sbin
10 verbose lifecycle chat@1.0.8~start: CWD: /Users/SergioBaidon/Web/NodeJs/Projects/chatApp
11 silly lifecycle chat@1.0.8~start: Args: [ '-c', 'node chat.js' ]
12 silly lifecycle chat@1.0.8~start: Returned: code: 1  signal: null
13 info lifecycle chat@1.0.8~start: Failed to exec start script
14 verbose stack Error: chat@1.0.8 start: `node chat.js`
14 verbose stack Exit status 1
14 verbose stack     at EventEmitter.<anonymous> (/usr/local/lib/node_modules/npm/lib/utils/lifecycle.js:232:16)
14 verbose stack     at emitTwo (events.js:87:13)
14 verbose stack     at EventEmitter.emit (events.js:172:7)
14 verbose stack     at ChildProcess.<anonymous> (/usr/local/lib/node_modules/npm/lib/utils/spawn.js:24:14)
14 verbose stack     at emitTwo (events.js:87:13)
14 verbose stack     at ChildProcess.emit (events.js:172:7)
14 verbose stack     at maybeClose (internal/child_process.js:818:16)
14 verbose stack     at Process.ChildProcess._handle.onexit (internal/child_process.js:211:5)
15 verbose pkgid chat@1.0.8
16 verbose cwd /Users/SergioBaidon/Web/NodeJs/Projects/chatApp
17 error Darwin 15.4.0
18 error argv "/usr/local/bin/node" "/usr/local/bin/npm" "start"
19 error node v4.2.3
20 error npm  v3.5.2
21 error code ELIFECYCLE
22 error chat@1.0.8 start: `node chat.js`
22 error Exit status 1
23 error Failed at the chat@1.0.8 start script 'node chat.js'.
23 error Make sure you have the latest version of node.js and npm installed.
23 error If you do, this is most likely a problem with the chat package,
23 error not with npm itself.
23 error Tell the author that this fails on your system:
23 error     node chat.js
23 error You can get information on how to open an issue for this project with:
23 error     npm bugs chat
23 error Or if that isn't available, you can get their info via:
23 error     npm owner ls chat
23 error There is likely additional logging output above.
24 verbose exit [ 1, true ]
